<?xml version="1.0" encoding="UTF-8"?>
<testsuite name="com.mobile.app.d1pay.D1PayParamsContributorTest" tests="1" skipped="0" failures="0" errors="0" timestamp="2026-07-29T15:02:39.253Z" hostname="Arinzes-M4-Pro.local" time="0.004">
  <properties/>
  <testcase name="reports unavailable against a non-D1Pay AAR instead of throwing" classname="com.mobile.app.d1pay.D1PayParamsContributorTest" time="0.002"/>
  <system-out><![CDATA[]]></system-out>
  <system-err><![CDATA[]]></system-err>
</testsuite>
